[0m22:22:12.677587 [debug] [MainThread]: Sending event: {'category': 'dbt', 'action': 'invocation', 'label': 'start', 'context': [<snowplow_tracker.self_describing_json.SelfDescribingJson object at 0x0000028BA120D100>, <snowplow_tracker.self_describing_json.SelfDescribingJson object at 0x0000028BA3FBD940>, <snowplow_tracker.self_describing_json.SelfDescribingJson object at 0x0000028BA3979250>]}


============================== 22:22:12.728261 | 25891886-cd2d-4da4-a951-9e7a5ab91e02 ==============================
[0m22:22:12.728261 [info ] [MainThread]: Running with dbt=1.11.11
[0m22:22:12.728261 [debug] [MainThread]: running dbt with arguments {'version_check': 'True', 'no_print': 'None', 'static_parser': 'True', 'target_path': 'None', 'warn_error_options': 'WarnErrorOptionsV2(error=[], warn=[], silence=[])', 'printer_width': '80', 'write_json': 'True', 'introspect': 'True', 'log_cache_events': 'False', 'empty': 'None', 'cache_selected_only': 'False', 'log_format': 'default', 'debug': 'False', 'fail_fast': 'False', 'partial_parse': 'True', 'send_anonymous_usage_stats': 'True', 'quiet': 'False', 'warn_error': 'None', 'profiles_dir': 'C:\\Users\\felip\\.dbt', 'indirect_selection': 'eager', 'use_colors': 'True', 'invocation_command': 'dbt init insurance_claims', 'use_experimental_parser': 'False', 'log_path': 'logs'}
[0m22:22:12.786146 [info ] [MainThread]: Creating dbt configuration folder at C:\Users\felip\.dbt
[0m22:22:12.797620 [debug] [MainThread]: Starter project path: C:\Users\felip\.pyenv\pyenv-win\versions\3.12.10\Lib\site-packages\dbt\include\starter_project
[0m22:22:12.883248 [info ] [MainThread]: 
Your new dbt project "insurance_claims" was created!

For more information on how to configure the profiles.yml file,
please consult the dbt documentation here:

  https://docs.getdbt.com/docs/configure-your-profile

One more thing:

Need help? Don't hesitate to reach out to us via GitHub issues or on Slack:

  https://community.getdbt.com/

Happy modeling!

[0m22:22:12.884353 [info ] [MainThread]: Setting up your profile.
[0m22:23:46.103486 [debug] [MainThread]: Snowflake adapter: Setting snowflake.connector to ERROR (file logging only)
[0m22:23:46.103486 [debug] [MainThread]: Snowflake adapter: Setting botocore to ERROR (file logging only)
[0m22:23:46.107196 [debug] [MainThread]: Snowflake adapter: Setting boto3 to ERROR (file logging only)
[0m22:25:53.806429 [info ] [MainThread]: Profile insurance_claims written to C:\Users\felip\.dbt\profiles.yml using target's profile_template.yml and your supplied values. Run 'dbt debug' to validate the connection.
[0m22:25:53.810141 [debug] [MainThread]: Command `dbt init` succeeded at 22:25:53.810141 after 221.40 seconds
[0m22:25:53.810141 [debug] [MainThread]: Sending event: {'category': 'dbt', 'action': 'invocation', 'label': 'end', 'context': [<snowplow_tracker.self_describing_json.SelfDescribingJson object at 0x0000028BA667D220>, <snowplow_tracker.self_describing_json.SelfDescribingJson object at 0x0000028BA62394C0>, <snowplow_tracker.self_describing_json.SelfDescribingJson object at 0x0000028BA68C8980>]}
[0m22:25:53.813264 [debug] [MainThread]: Flushing usage events
[0m22:25:55.080340 [debug] [MainThread]: An error was encountered while trying to flush usage events
[0m23:28:40.051156 [debug] [MainThread]: Sending event: {'category': 'dbt', 'action': 'invocation', 'label': 'start', 'context': [<snowplow_tracker.self_describing_json.SelfDescribingJson object at 0x00000250D6A0CAA0>, <snowplow_tracker.self_describing_json.SelfDescribingJson object at 0x00000250D649B590>, <snowplow_tracker.self_describing_json.SelfDescribingJson object at 0x00000250D4746BA0>]}


============================== 23:28:40.061671 | a9ae15ee-cfa8-413f-893d-d167af9d8fe3 ==============================
[0m23:28:40.061671 [info ] [MainThread]: Running with dbt=1.11.11
[0m23:28:40.062672 [debug] [MainThread]: running dbt with arguments {'static_parser': 'True', 'no_print': 'None', 'version_check': 'True', 'warn_error_options': 'WarnErrorOptionsV2(error=[], warn=[], silence=[])', 'target_path': 'None', 'printer_width': '80', 'write_json': 'True', 'introspect': 'True', 'log_cache_events': 'False', 'empty': 'None', 'cache_selected_only': 'False', 'log_format': 'default', 'debug': 'False', 'fail_fast': 'False', 'profiles_dir': 'C:\\Users\\felip\\.dbt', 'send_anonymous_usage_stats': 'True', 'quiet': 'False', 'warn_error': 'None', 'partial_parse': 'True', 'use_colors': 'True', 'indirect_selection': 'eager', 'invocation_command': 'dbt seed', 'use_experimental_parser': 'False', 'log_path': 'logs'}
[0m23:28:40.063671 [error] [MainThread]: Encountered an error:
Runtime Error
  No dbt_project.yml found at expected path C:\Users\felip\Workspace\practiceWithAirflow\dbt-snowflake-lab\dbt_project.yml
  Verify that each entry within packages.yml (and their transitive dependencies) contains a file named dbt_project.yml
  
[0m23:28:40.065673 [debug] [MainThread]: Command `dbt seed` failed at 23:28:40.065673 after 0.55 seconds
[0m23:28:40.066674 [debug] [MainThread]: Sending event: {'category': 'dbt', 'action': 'invocation', 'label': 'end', 'context': [<snowplow_tracker.self_describing_json.SelfDescribingJson object at 0x00000250D7105D90>, <snowplow_tracker.self_describing_json.SelfDescribingJson object at 0x00000250D815C9E0>, <snowplow_tracker.self_describing_json.SelfDescribingJson object at 0x00000250D693E2A0>]}
[0m23:28:40.066674 [debug] [MainThread]: Flushing usage events
[0m23:28:41.267138 [debug] [MainThread]: An error was encountered while trying to flush usage events
